22:54:53.711 [main] INFO  s.n.d.s.StockDividendApplication - Starting StockDividendApplication using Java 11.0.12 on uooy with PID 12812 (D:\study\Project\Stock_Dividend\out\production\classes started by uooy in D:\study\Project\Stock_Dividend)
22:54:53.715 [main] INFO  s.n.d.s.StockDividendApplication - No active profile set, falling back to 1 default profile: "default"
22:54:54.405 [main] INFO  o.s.d.r.c.RepositoryConfigurationDelegate - Multiple Spring Data modules found, entering strict repository configuration mode
22:54:54.406 [main] INFO  o.s.d.r.c.RepositoryConfigurationDelegate - Bootstrapping Spring Data JPA repositories in DEFAULT mode.
22:54:54.482 [main] INFO  o.s.d.r.c.RepositoryConfigurationDelegate - Finished Spring Data repository scanning in 70 ms. Found 4 JPA repository interfaces.
22:54:58.094 [main] INFO  o.s.d.r.c.RepositoryConfigurationDelegate - Multiple Spring Data modules found, entering strict repository configuration mode
22:54:58.095 [main] INFO  o.s.d.r.c.RepositoryConfigurationDelegate - Bootstrapping Spring Data Redis repositories in DEFAULT mode.
22:54:58.111 [main] INFO  o.s.d.r.c.RepositoryConfigurationExtensionSupport - Spring Data Redis - Could not safely identify store assignment for repository candidate interface site.notion.dokuny.stock_dividend.persist.repository.AuthorityRepository; If you want this repository to be a Redis repository, consider annotating your entities with one of these annotations: org.springframework.data.redis.core.RedisHash (preferred), or consider extending one of the following types with your repository: org.springframework.data.keyvalue.repository.KeyValueRepository
22:54:58.112 [main] INFO  o.s.d.r.c.RepositoryConfigurationExtensionSupport - Spring Data Redis - Could not safely identify store assignment for repository candidate interface site.notion.dokuny.stock_dividend.persist.repository.CompanyRepository; If you want this repository to be a Redis repository, consider annotating your entities with one of these annotations: org.springframework.data.redis.core.RedisHash (preferred), or consider extending one of the following types with your repository: org.springframework.data.keyvalue.repository.KeyValueRepository
22:54:58.113 [main] INFO  o.s.d.r.c.RepositoryConfigurationExtensionSupport - Spring Data Redis - Could not safely identify store assignment for repository candidate interface site.notion.dokuny.stock_dividend.persist.repository.DividendRepository; If you want this repository to be a Redis repository, consider annotating your entities with one of these annotations: org.springframework.data.redis.core.RedisHash (preferred), or consider extending one of the following types with your repository: org.springframework.data.keyvalue.repository.KeyValueRepository
22:54:58.114 [main] INFO  o.s.d.r.c.RepositoryConfigurationExtensionSupport - Spring Data Redis - Could not safely identify store assignment for repository candidate interface site.notion.dokuny.stock_dividend.persist.repository.MemberRepository; If you want this repository to be a Redis repository, consider annotating your entities with one of these annotations: org.springframework.data.redis.core.RedisHash (preferred), or consider extending one of the following types with your repository: org.springframework.data.keyvalue.repository.KeyValueRepository
22:54:58.114 [main] INFO  o.s.d.r.c.RepositoryConfigurationDelegate - Finished Spring Data repository scanning in 11 ms. Found 0 Redis repository interfaces.
22:54:58.680 [main] INFO  o.s.b.w.e.tomcat.TomcatWebServer - Tomcat initialized with port(s): 8080 (http)
22:54:58.687 [main] INFO  o.a.coyote.http11.Http11NioProtocol - Initializing ProtocolHandler ["http-nio-8080"]
22:54:58.688 [main] INFO  o.a.catalina.core.StandardService - Starting service [Tomcat]
22:54:58.688 [main] INFO  o.a.catalina.core.StandardEngine - Starting Servlet engine: [Apache Tomcat/9.0.65]
22:54:58.846 [main] INFO  o.a.c.c.C.[Tomcat].[localhost].[/] - Initializing Spring embedded WebApplicationContext
22:54:58.846 [main] INFO  o.s.b.w.s.c.ServletWebServerApplicationContext - Root WebApplicationContext: initialization completed in 5097 ms
22:54:58.881 [main] INFO  com.zaxxer.hikari.HikariDataSource - HikariPool-1 - Starting...
22:54:58.987 [main] INFO  com.zaxxer.hikari.HikariDataSource - HikariPool-1 - Start completed.
22:54:58.998 [main] INFO  o.s.b.a.h.H2ConsoleAutoConfiguration - H2 console available at '/h2-console'. Database available at 'jdbc:h2:mem:stock_dividend'
22:54:59.165 [main] INFO  o.h.jpa.internal.util.LogHelper - HHH000204: Processing PersistenceUnitInfo [name: default]
22:54:59.203 [main] INFO  org.hibernate.Version - HHH000412: Hibernate ORM core version 5.6.10.Final
22:54:59.320 [main] INFO  o.h.annotations.common.Version - HCANN000001: Hibernate Commons Annotations {5.1.2.Final}
22:54:59.414 [main] INFO  org.hibernate.dialect.Dialect - HHH000400: Using dialect: org.hibernate.dialect.H2Dialect
22:54:59.940 [main] INFO  o.h.e.t.j.p.i.JtaPlatformInitiator - HHH000490: Using JtaPlatform implementation: [org.hibernate.engine.transaction.jta.platform.internal.NoJtaPlatform]
22:54:59.947 [main] INFO  o.s.o.j.LocalContainerEntityManagerFactoryBean - Initialized JPA EntityManagerFactory for persistence unit 'default'
22:55:00.791 [main] INFO  o.s.s.web.DefaultSecurityFilterChain - Will secure any request with [org.springframework.security.web.session.DisableEncodeUrlFilter@3ccc4ca0, org.springframework.security.web.context.request.async.WebAsyncManagerIntegrationFilter@1dbfbd94, org.springframework.security.web.context.SecurityContextPersistenceFilter@7a6e0f3c, org.springframework.security.web.header.HeaderWriterFilter@3a89226e, org.springframework.security.web.authentication.logout.LogoutFilter@2f025e9e, site.notion.dokuny.stock_dividend.security.JwtAuthenticationFilter@742dbac8, org.springframework.security.web.savedrequest.RequestCacheAwareFilter@6fa2d0b2, org.springframework.security.web.servletapi.SecurityContextHolderAwareRequestFilter@49c37918, org.springframework.security.web.authentication.AnonymousAuthenticationFilter@ec1b776, org.springframework.security.web.session.SessionManagementFilter@57df93c1, org.springframework.security.web.access.ExceptionTranslationFilter@6bbb3280, org.springframework.security.web.access.intercept.AuthorizationFilter@44723d95]
22:55:00.795 [main] WARN  o.s.s.c.a.web.builders.WebSecurity - You are asking Spring Security to ignore Ant [pattern='/h2-console/**']. This is not recommended -- please use permitAll via HttpSecurity#authorizeHttpRequests instead.
22:55:00.795 [main] INFO  o.s.s.web.DefaultSecurityFilterChain - Will not secure Ant [pattern='/h2-console/**']
22:55:00.834 [main] WARN  o.s.b.a.o.j.JpaBaseConfiguration$JpaWebConfiguration - spring.jpa.open-in-view is enabled by default. Therefore, database queries may be performed during view rendering. Explicitly configure spring.jpa.open-in-view to disable this warning
22:55:01.324 [main] INFO  o.a.coyote.http11.Http11NioProtocol - Starting ProtocolHandler ["http-nio-8080"]
22:55:01.354 [main] INFO  o.s.b.w.e.tomcat.TomcatWebServer - Tomcat started on port(s): 8080 (http) with context path ''
22:55:01.368 [main] INFO  s.n.d.s.StockDividendApplication - Started StockDividendApplication in 8.114 seconds (JVM running for 9.047)
22:55:48.484 [SpringApplicationShutdownHook] INFO  o.s.o.j.LocalContainerEntityManagerFactoryBean - Closing JPA EntityManagerFactory for persistence unit 'default'
22:55:48.485 [SpringApplicationShutdownHook] INFO  o.h.t.s.i.SchemaDropperImpl$DelayedDropActionImpl - HHH000477: Starting delayed evictData of schema as part of SessionFactory shut-down'
22:55:48.492 [SpringApplicationShutdownHook] INFO  com.zaxxer.hikari.HikariDataSource - HikariPool-1 - Shutdown initiated...
22:55:48.494 [SpringApplicationShutdownHook] INFO  com.zaxxer.hikari.HikariDataSource - HikariPool-1 - Shutdown completed.
22:55:52.268 [main] INFO  s.n.d.s.StockDividendApplication - Starting StockDividendApplication using Java 11.0.12 on uooy with PID 14508 (D:\study\Project\Stock_Dividend\out\production\classes started by uooy in D:\study\Project\Stock_Dividend)
22:55:52.272 [main] INFO  s.n.d.s.StockDividendApplication - No active profile set, falling back to 1 default profile: "default"
22:55:52.954 [main] INFO  o.s.d.r.c.RepositoryConfigurationDelegate - Multiple Spring Data modules found, entering strict repository configuration mode
22:55:52.954 [main] INFO  o.s.d.r.c.RepositoryConfigurationDelegate - Bootstrapping Spring Data JPA repositories in DEFAULT mode.
22:55:53.034 [main] INFO  o.s.d.r.c.RepositoryConfigurationDelegate - Finished Spring Data repository scanning in 73 ms. Found 4 JPA repository interfaces.
22:55:53.045 [main] INFO  o.s.d.r.c.RepositoryConfigurationDelegate - Multiple Spring Data modules found, entering strict repository configuration mode
22:55:53.046 [main] INFO  o.s.d.r.c.RepositoryConfigurationDelegate - Bootstrapping Spring Data Redis repositories in DEFAULT mode.
22:55:53.062 [main] INFO  o.s.d.r.c.RepositoryConfigurationExtensionSupport - Spring Data Redis - Could not safely identify store assignment for repository candidate interface site.notion.dokuny.stock_dividend.persist.repository.AuthorityRepository; If you want this repository to be a Redis repository, consider annotating your entities with one of these annotations: org.springframework.data.redis.core.RedisHash (preferred), or consider extending one of the following types with your repository: org.springframework.data.keyvalue.repository.KeyValueRepository
22:55:53.063 [main] INFO  o.s.d.r.c.RepositoryConfigurationExtensionSupport - Spring Data Redis - Could not safely identify store assignment for repository candidate interface site.notion.dokuny.stock_dividend.persist.repository.CompanyRepository; If you want this repository to be a Redis repository, consider annotating your entities with one of these annotations: org.springframework.data.redis.core.RedisHash (preferred), or consider extending one of the following types with your repository: org.springframework.data.keyvalue.repository.KeyValueRepository
22:55:53.064 [main] INFO  o.s.d.r.c.RepositoryConfigurationExtensionSupport - Spring Data Redis - Could not safely identify store assignment for repository candidate interface site.notion.dokuny.stock_dividend.persist.repository.DividendRepository; If you want this repository to be a Redis repository, consider annotating your entities with one of these annotations: org.springframework.data.redis.core.RedisHash (preferred), or consider extending one of the following types with your repository: org.springframework.data.keyvalue.repository.KeyValueRepository
22:55:53.064 [main] INFO  o.s.d.r.c.RepositoryConfigurationExtensionSupport - Spring Data Redis - Could not safely identify store assignment for repository candidate interface site.notion.dokuny.stock_dividend.persist.repository.MemberRepository; If you want this repository to be a Redis repository, consider annotating your entities with one of these annotations: org.springframework.data.redis.core.RedisHash (preferred), or consider extending one of the following types with your repository: org.springframework.data.keyvalue.repository.KeyValueRepository
22:55:53.065 [main] INFO  o.s.d.r.c.RepositoryConfigurationDelegate - Finished Spring Data repository scanning in 11 ms. Found 0 Redis repository interfaces.
22:55:53.642 [main] INFO  o.s.b.w.e.tomcat.TomcatWebServer - Tomcat initialized with port(s): 8080 (http)
22:55:53.649 [main] INFO  o.a.coyote.http11.Http11NioProtocol - Initializing ProtocolHandler ["http-nio-8080"]
22:55:53.650 [main] INFO  o.a.catalina.core.StandardService - Starting service [Tomcat]
22:55:53.650 [main] INFO  o.a.catalina.core.StandardEngine - Starting Servlet engine: [Apache Tomcat/9.0.65]
22:55:53.800 [main] INFO  o.a.c.c.C.[Tomcat].[localhost].[/] - Initializing Spring embedded WebApplicationContext
22:55:53.800 [main] INFO  o.s.b.w.s.c.ServletWebServerApplicationContext - Root WebApplicationContext: initialization completed in 1487 ms
22:55:53.832 [main] INFO  com.zaxxer.hikari.HikariDataSource - HikariPool-1 - Starting...
22:55:53.939 [main] INFO  com.zaxxer.hikari.HikariDataSource - HikariPool-1 - Start completed.
22:55:53.951 [main] INFO  o.s.b.a.h.H2ConsoleAutoConfiguration - H2 console available at '/h2-console'. Database available at 'jdbc:h2:mem:stock_dividend'
22:55:54.115 [main] INFO  o.h.jpa.internal.util.LogHelper - HHH000204: Processing PersistenceUnitInfo [name: default]
22:55:54.154 [main] INFO  org.hibernate.Version - HHH000412: Hibernate ORM core version 5.6.10.Final
22:55:54.278 [main] INFO  o.h.annotations.common.Version - HCANN000001: Hibernate Commons Annotations {5.1.2.Final}
22:55:54.371 [main] INFO  org.hibernate.dialect.Dialect - HHH000400: Using dialect: org.hibernate.dialect.H2Dialect
22:55:54.897 [main] INFO  o.h.e.t.j.p.i.JtaPlatformInitiator - HHH000490: Using JtaPlatform implementation: [org.hibernate.engine.transaction.jta.platform.internal.NoJtaPlatform]
22:55:54.905 [main] INFO  o.s.o.j.LocalContainerEntityManagerFactoryBean - Initialized JPA EntityManagerFactory for persistence unit 'default'
22:55:55.747 [main] INFO  o.s.s.web.DefaultSecurityFilterChain - Will secure any request with [org.springframework.security.web.session.DisableEncodeUrlFilter@21d6dc81, org.springframework.security.web.context.request.async.WebAsyncManagerIntegrationFilter@3891b430, org.springframework.security.web.context.SecurityContextPersistenceFilter@14745c3c, org.springframework.security.web.header.HeaderWriterFilter@447a557b, org.springframework.security.web.authentication.logout.LogoutFilter@61375dff, site.notion.dokuny.stock_dividend.security.JwtAuthenticationFilter@848d9bc, org.springframework.security.web.savedrequest.RequestCacheAwareFilter@7dda5b25, org.springframework.security.web.servletapi.SecurityContextHolderAwareRequestFilter@3e371088, org.springframework.security.web.authentication.AnonymousAuthenticationFilter@769f6023, org.springframework.security.web.session.SessionManagementFilter@46573cfe, org.springframework.security.web.access.ExceptionTranslationFilter@504274c1, org.springframework.security.web.access.intercept.AuthorizationFilter@78c5ef58]
22:55:55.757 [main] WARN  o.s.s.c.a.web.builders.WebSecurity - You are asking Spring Security to ignore Ant [pattern='/h2-console/**']. This is not recommended -- please use permitAll via HttpSecurity#authorizeHttpRequests instead.
22:55:55.757 [main] INFO  o.s.s.web.DefaultSecurityFilterChain - Will not secure Ant [pattern='/h2-console/**']
22:55:56.273 [main] INFO  o.a.coyote.http11.Http11NioProtocol - Starting ProtocolHandler ["http-nio-8080"]
22:55:56.291 [main] INFO  o.s.b.w.e.tomcat.TomcatWebServer - Tomcat started on port(s): 8080 (http) with context path ''
22:55:56.305 [main] INFO  s.n.d.s.StockDividendApplication - Started StockDividendApplication in 4.502 seconds (JVM running for 5.576)
22:56:56.737 [SpringApplicationShutdownHook] INFO  o.s.o.j.LocalContainerEntityManagerFactoryBean - Closing JPA EntityManagerFactory for persistence unit 'default'
22:56:56.738 [SpringApplicationShutdownHook] INFO  o.h.t.s.i.SchemaDropperImpl$DelayedDropActionImpl - HHH000477: Starting delayed evictData of schema as part of SessionFactory shut-down'
22:56:56.748 [SpringApplicationShutdownHook] INFO  com.zaxxer.hikari.HikariDataSource - HikariPool-1 - Shutdown initiated...
22:56:56.760 [SpringApplicationShutdownHook] INFO  com.zaxxer.hikari.HikariDataSource - HikariPool-1 - Shutdown completed.
22:57:02.148 [main] INFO  s.n.d.s.StockDividendApplication - Starting StockDividendApplication using Java 11.0.12 on uooy with PID 12552 (D:\study\Project\Stock_Dividend\out\production\classes started by uooy in D:\study\Project\Stock_Dividend)
22:57:02.151 [main] INFO  s.n.d.s.StockDividendApplication - No active profile set, falling back to 1 default profile: "default"
22:57:02.835 [main] INFO  o.s.d.r.c.RepositoryConfigurationDelegate - Multiple Spring Data modules found, entering strict repository configuration mode
22:57:02.836 [main] INFO  o.s.d.r.c.RepositoryConfigurationDelegate - Bootstrapping Spring Data JPA repositories in DEFAULT mode.
22:57:02.913 [main] INFO  o.s.d.r.c.RepositoryConfigurationDelegate - Finished Spring Data repository scanning in 70 ms. Found 4 JPA repository interfaces.
22:57:02.925 [main] INFO  o.s.d.r.c.RepositoryConfigurationDelegate - Multiple Spring Data modules found, entering strict repository configuration mode
22:57:02.926 [main] INFO  o.s.d.r.c.RepositoryConfigurationDelegate - Bootstrapping Spring Data Redis repositories in DEFAULT mode.
22:57:02.942 [main] INFO  o.s.d.r.c.RepositoryConfigurationExtensionSupport - Spring Data Redis - Could not safely identify store assignment for repository candidate interface site.notion.dokuny.stock_dividend.persist.repository.AuthorityRepository; If you want this repository to be a Redis repository, consider annotating your entities with one of these annotations: org.springframework.data.redis.core.RedisHash (preferred), or consider extending one of the following types with your repository: org.springframework.data.keyvalue.repository.KeyValueRepository
22:57:02.943 [main] INFO  o.s.d.r.c.RepositoryConfigurationExtensionSupport - Spring Data Redis - Could not safely identify store assignment for repository candidate interface site.notion.dokuny.stock_dividend.persist.repository.CompanyRepository; If you want this repository to be a Redis repository, consider annotating your entities with one of these annotations: org.springframework.data.redis.core.RedisHash (preferred), or consider extending one of the following types with your repository: org.springframework.data.keyvalue.repository.KeyValueRepository
22:57:02.944 [main] INFO  o.s.d.r.c.RepositoryConfigurationExtensionSupport - Spring Data Redis - Could not safely identify store assignment for repository candidate interface site.notion.dokuny.stock_dividend.persist.repository.DividendRepository; If you want this repository to be a Redis repository, consider annotating your entities with one of these annotations: org.springframework.data.redis.core.RedisHash (preferred), or consider extending one of the following types with your repository: org.springframework.data.keyvalue.repository.KeyValueRepository
22:57:02.944 [main] INFO  o.s.d.r.c.RepositoryConfigurationExtensionSupport - Spring Data Redis - Could not safely identify store assignment for repository candidate interface site.notion.dokuny.stock_dividend.persist.repository.MemberRepository; If you want this repository to be a Redis repository, consider annotating your entities with one of these annotations: org.springframework.data.redis.core.RedisHash (preferred), or consider extending one of the following types with your repository: org.springframework.data.keyvalue.repository.KeyValueRepository
22:57:02.945 [main] INFO  o.s.d.r.c.RepositoryConfigurationDelegate - Finished Spring Data repository scanning in 11 ms. Found 0 Redis repository interfaces.
22:57:03.511 [main] INFO  o.s.b.w.e.tomcat.TomcatWebServer - Tomcat initialized with port(s): 8080 (http)
22:57:03.519 [main] INFO  o.a.coyote.http11.Http11NioProtocol - Initializing ProtocolHandler ["http-nio-8080"]
22:57:03.520 [main] INFO  o.a.catalina.core.StandardService - Starting service [Tomcat]
22:57:03.520 [main] INFO  o.a.catalina.core.StandardEngine - Starting Servlet engine: [Apache Tomcat/9.0.65]
22:57:03.682 [main] INFO  o.a.c.c.C.[Tomcat].[localhost].[/] - Initializing Spring embedded WebApplicationContext
22:57:03.682 [main] INFO  o.s.b.w.s.c.ServletWebServerApplicationContext - Root WebApplicationContext: initialization completed in 1498 ms
22:57:03.715 [main] INFO  com.zaxxer.hikari.HikariDataSource - HikariPool-1 - Starting...
22:57:03.823 [main] INFO  com.zaxxer.hikari.HikariDataSource - HikariPool-1 - Start completed.
22:57:03.835 [main] INFO  o.s.b.a.h.H2ConsoleAutoConfiguration - H2 console available at '/h2-console'. Database available at 'jdbc:h2:mem:stock_dividend'
22:57:04.003 [main] INFO  o.h.jpa.internal.util.LogHelper - HHH000204: Processing PersistenceUnitInfo [name: default]
22:57:04.040 [main] INFO  org.hibernate.Version - HHH000412: Hibernate ORM core version 5.6.10.Final
22:57:04.152 [main] INFO  o.h.annotations.common.Version - HCANN000001: Hibernate Commons Annotations {5.1.2.Final}
22:57:04.243 [main] INFO  org.hibernate.dialect.Dialect - HHH000400: Using dialect: org.hibernate.dialect.H2Dialect
22:57:04.767 [main] INFO  o.h.e.t.j.p.i.JtaPlatformInitiator - HHH000490: Using JtaPlatform implementation: [org.hibernate.engine.transaction.jta.platform.internal.NoJtaPlatform]
22:57:04.774 [main] INFO  o.s.o.j.LocalContainerEntityManagerFactoryBean - Initialized JPA EntityManagerFactory for persistence unit 'default'
22:57:05.596 [main] INFO  o.s.s.web.DefaultSecurityFilterChain - Will secure any request with [org.springframework.security.web.session.DisableEncodeUrlFilter@242c4a94, org.springframework.security.web.context.request.async.WebAsyncManagerIntegrationFilter@4df13b7e, org.springframework.security.web.context.SecurityContextPersistenceFilter@26f07261, org.springframework.security.web.header.HeaderWriterFilter@2f7d8a7c, org.springframework.security.web.authentication.logout.LogoutFilter@769f6023, site.notion.dokuny.stock_dividend.security.JwtAuthenticationFilter@575e862c, org.springframework.security.web.savedrequest.RequestCacheAwareFilter@63ede2a0, org.springframework.security.web.servletapi.SecurityContextHolderAwareRequestFilter@57df93c1, org.springframework.security.web.authentication.AnonymousAuthenticationFilter@477d6f66, org.springframework.security.web.session.SessionManagementFilter@5d8a1456, org.springframework.security.web.access.ExceptionTranslationFilter@43aa767, org.springframework.security.web.access.intercept.AuthorizationFilter@2c8e096]
22:57:06.177 [main] INFO  o.a.coyote.http11.Http11NioProtocol - Starting ProtocolHandler ["http-nio-8080"]
22:57:06.197 [main] INFO  o.s.b.w.e.tomcat.TomcatWebServer - Tomcat started on port(s): 8080 (http) with context path ''
22:57:06.213 [main] INFO  s.n.d.s.StockDividendApplication - Started StockDividendApplication in 4.519 seconds (JVM running for 5.484)
22:57:23.953 [http-nio-8080-exec-1] INFO  o.a.c.c.C.[Tomcat].[localhost].[/] - Initializing Spring DispatcherServlet 'dispatcherServlet'
22:57:23.954 [http-nio-8080-exec-1] INFO  o.s.web.servlet.DispatcherServlet - Initializing Servlet 'dispatcherServlet'
22:57:23.954 [http-nio-8080-exec-1] INFO  o.s.web.servlet.DispatcherServlet - Completed initialization in 0 ms
22:58:00.969 [SpringApplicationShutdownHook] INFO  o.s.o.j.LocalContainerEntityManagerFactoryBean - Closing JPA EntityManagerFactory for persistence unit 'default'
22:58:00.970 [SpringApplicationShutdownHook] INFO  o.h.t.s.i.SchemaDropperImpl$DelayedDropActionImpl - HHH000477: Starting delayed evictData of schema as part of SessionFactory shut-down'
22:58:00.978 [SpringApplicationShutdownHook] INFO  com.zaxxer.hikari.HikariDataSource - HikariPool-1 - Shutdown initiated...
22:58:00.980 [SpringApplicationShutdownHook] INFO  com.zaxxer.hikari.HikariDataSource - HikariPool-1 - Shutdown completed.
22:58:06.600 [main] INFO  s.n.d.s.StockDividendApplication - Starting StockDividendApplication using Java 11.0.12 on uooy with PID 24540 (D:\study\Project\Stock_Dividend\out\production\classes started by uooy in D:\study\Project\Stock_Dividend)
22:58:06.604 [main] INFO  s.n.d.s.StockDividendApplication - No active profile set, falling back to 1 default profile: "default"
22:58:07.332 [main] INFO  o.s.d.r.c.RepositoryConfigurationDelegate - Multiple Spring Data modules found, entering strict repository configuration mode
22:58:07.333 [main] INFO  o.s.d.r.c.RepositoryConfigurationDelegate - Bootstrapping Spring Data JPA repositories in DEFAULT mode.
22:58:07.421 [main] INFO  o.s.d.r.c.RepositoryConfigurationDelegate - Finished Spring Data repository scanning in 80 ms. Found 4 JPA repository interfaces.
22:58:07.435 [main] INFO  o.s.d.r.c.RepositoryConfigurationDelegate - Multiple Spring Data modules found, entering strict repository configuration mode
22:58:07.436 [main] INFO  o.s.d.r.c.RepositoryConfigurationDelegate - Bootstrapping Spring Data Redis repositories in DEFAULT mode.
22:58:07.453 [main] INFO  o.s.d.r.c.RepositoryConfigurationExtensionSupport - Spring Data Redis - Could not safely identify store assignment for repository candidate interface site.notion.dokuny.stock_dividend.persist.repository.AuthorityRepository; If you want this repository to be a Redis repository, consider annotating your entities with one of these annotations: org.springframework.data.redis.core.RedisHash (preferred), or consider extending one of the following types with your repository: org.springframework.data.keyvalue.repository.KeyValueRepository
22:58:07.454 [main] INFO  o.s.d.r.c.RepositoryConfigurationExtensionSupport - Spring Data Redis - Could not safely identify store assignment for repository candidate interface site.notion.dokuny.stock_dividend.persist.repository.CompanyRepository; If you want this repository to be a Redis repository, consider annotating your entities with one of these annotations: org.springframework.data.redis.core.RedisHash (preferred), or consider extending one of the following types with your repository: org.springframework.data.keyvalue.repository.KeyValueRepository
22:58:07.455 [main] INFO  o.s.d.r.c.RepositoryConfigurationExtensionSupport - Spring Data Redis - Could not safely identify store assignment for repository candidate interface site.notion.dokuny.stock_dividend.persist.repository.DividendRepository; If you want this repository to be a Redis repository, consider annotating your entities with one of these annotations: org.springframework.data.redis.core.RedisHash (preferred), or consider extending one of the following types with your repository: org.springframework.data.keyvalue.repository.KeyValueRepository
22:58:07.456 [main] INFO  o.s.d.r.c.RepositoryConfigurationExtensionSupport - Spring Data Redis - Could not safely identify store assignment for repository candidate interface site.notion.dokuny.stock_dividend.persist.repository.MemberRepository; If you want this repository to be a Redis repository, consider annotating your entities with one of these annotations: org.springframework.data.redis.core.RedisHash (preferred), or consider extending one of the following types with your repository: org.springframework.data.keyvalue.repository.KeyValueRepository
22:58:07.456 [main] INFO  o.s.d.r.c.RepositoryConfigurationDelegate - Finished Spring Data repository scanning in 12 ms. Found 0 Redis repository interfaces.
22:58:08.027 [main] INFO  o.s.b.w.e.tomcat.TomcatWebServer - Tomcat initialized with port(s): 8080 (http)
22:58:08.034 [main] INFO  o.a.coyote.http11.Http11NioProtocol - Initializing ProtocolHandler ["http-nio-8080"]
22:58:08.035 [main] INFO  o.a.catalina.core.StandardService - Starting service [Tomcat]
22:58:08.035 [main] INFO  o.a.catalina.core.StandardEngine - Starting Servlet engine: [Apache Tomcat/9.0.65]
22:58:08.191 [main] INFO  o.a.c.c.C.[Tomcat].[localhost].[/] - Initializing Spring embedded WebApplicationContext
22:58:08.191 [main] INFO  o.s.b.w.s.c.ServletWebServerApplicationContext - Root WebApplicationContext: initialization completed in 1544 ms
22:58:08.221 [main] INFO  com.zaxxer.hikari.HikariDataSource - HikariPool-1 - Starting...
22:58:08.327 [main] INFO  com.zaxxer.hikari.HikariDataSource - HikariPool-1 - Start completed.
22:58:08.338 [main] INFO  o.s.b.a.h.H2ConsoleAutoConfiguration - H2 console available at '/h2-console'. Database available at 'jdbc:h2:mem:stock_dividend'
22:58:08.499 [main] INFO  o.h.jpa.internal.util.LogHelper - HHH000204: Processing PersistenceUnitInfo [name: default]
22:58:08.539 [main] INFO  org.hibernate.Version - HHH000412: Hibernate ORM core version 5.6.10.Final
22:58:08.666 [main] INFO  o.h.annotations.common.Version - HCANN000001: Hibernate Commons Annotations {5.1.2.Final}
22:58:08.763 [main] INFO  org.hibernate.dialect.Dialect - HHH000400: Using dialect: org.hibernate.dialect.H2Dialect
22:58:09.308 [main] INFO  o.h.e.t.j.p.i.JtaPlatformInitiator - HHH000490: Using JtaPlatform implementation: [org.hibernate.engine.transaction.jta.platform.internal.NoJtaPlatform]
22:58:09.316 [main] INFO  o.s.o.j.LocalContainerEntityManagerFactoryBean - Initialized JPA EntityManagerFactory for persistence unit 'default'
22:58:10.197 [main] INFO  o.s.s.web.DefaultSecurityFilterChain - Will secure any request with [org.springframework.security.web.session.DisableEncodeUrlFilter@7a7bb083, org.springframework.security.web.context.request.async.WebAsyncManagerIntegrationFilter@2178d296, org.springframework.security.web.context.SecurityContextPersistenceFilter@2ad80cf6, org.springframework.security.web.header.HeaderWriterFilter@396519b, org.springframework.security.web.authentication.logout.LogoutFilter@5184da2b, site.notion.dokuny.stock_dividend.security.JwtAuthenticationFilter@575e862c, org.springframework.security.web.savedrequest.RequestCacheAwareFilter@629fe84, org.springframework.security.web.servletapi.SecurityContextHolderAwareRequestFilter@6067e7c1, org.springframework.security.web.authentication.AnonymousAuthenticationFilter@58c80957, org.springframework.security.web.session.SessionManagementFilter@7d432bc0, org.springframework.security.web.access.ExceptionTranslationFilter@7fba492e, org.springframework.security.web.access.intercept.AuthorizationFilter@28551755]
22:58:10.796 [main] INFO  o.a.coyote.http11.Http11NioProtocol - Starting ProtocolHandler ["http-nio-8080"]
22:58:10.814 [main] INFO  o.s.b.w.e.tomcat.TomcatWebServer - Tomcat started on port(s): 8080 (http) with context path ''
22:58:10.829 [main] INFO  s.n.d.s.StockDividendApplication - Started StockDividendApplication in 4.74 seconds (JVM running for 5.699)
22:58:16.845 [http-nio-8080-exec-1] INFO  o.a.c.c.C.[Tomcat].[localhost].[/] - Initializing Spring DispatcherServlet 'dispatcherServlet'
22:58:16.846 [http-nio-8080-exec-1] INFO  o.s.web.servlet.DispatcherServlet - Initializing Servlet 'dispatcherServlet'
22:58:16.847 [http-nio-8080-exec-1] INFO  o.s.web.servlet.DispatcherServlet - Completed initialization in 1 ms
22:58:17.116 [http-nio-8080-exec-1] INFO  s.n.d.s.web.AuthController - user sign up -> admin
22:58:37.952 [http-nio-8080-exec-2] INFO  s.n.d.s.web.AuthController - user login -> admin
22:58:54.970 [http-nio-8080-exec-4] INFO  s.n.d.s.s.JwtAuthenticationFilter - [admin] -> /company
22:59:17.103 [http-nio-8080-exec-5] INFO  s.n.d.s.s.JwtAuthenticationFilter - [admin] -> /company
23:00:18.567 [SpringApplicationShutdownHook] INFO  o.s.o.j.LocalContainerEntityManagerFactoryBean - Closing JPA EntityManagerFactory for persistence unit 'default'
23:00:18.568 [SpringApplicationShutdownHook] INFO  o.h.t.s.i.SchemaDropperImpl$DelayedDropActionImpl - HHH000477: Starting delayed evictData of schema as part of SessionFactory shut-down'
23:00:18.576 [SpringApplicationShutdownHook] INFO  com.zaxxer.hikari.HikariDataSource - HikariPool-1 - Shutdown initiated...
23:00:18.579 [SpringApplicationShutdownHook] INFO  com.zaxxer.hikari.HikariDataSource - HikariPool-1 - Shutdown completed.
